Using pre-set license
Built from '2022.3/staging' branch; Version is '2022.3.14f1 (eff2de9070d8) revision 15725278'; Using compiler version '192829333'; Build Type 'Release'
OS: 'Windows 11  (10.0.22621) 64bit CoreSingleLanguage' Language: 'tr' Physical Memory: 6005 MB
BatchMode: 1, IsHumanControllingUs: 0, StartBugReporterOnCrash: 0, Is64bit: 1, IsPro: 1

COMMAND LINE ARGUMENTS:
C:\Program Files\Unity\Hub\Editor\2022.3.14f1\Editor\Unity.exe
-adb2
-batchMode
-noUpm
-name
AssetImportWorker0
-projectPath
C:/Users/Lenovo/OneDrive/Desktop/GITHUB/Proje-7/Yedinci roje
-logFile
Logs/AssetImportWorker0.log
-srvPort
50885
Successfully changed project path to: C:/Users/Lenovo/OneDrive/Desktop/GITHUB/Proje-7/Yedinci roje
C:/Users/Lenovo/OneDrive/Desktop/GITHUB/Proje-7/Yedinci roje
[UnityMemory] Configuration Parameters - Can be set up in boot.config
    "memorysetup-bucket-allocator-granularity=16"
    "memorysetup-bucket-allocator-bucket-count=8"
    "memorysetup-bucket-allocator-block-size=33554432"
    "memorysetup-bucket-allocator-block-count=8"
    "memorysetup-main-allocator-block-size=16777216"
    "memorysetup-thread-allocator-block-size=16777216"
    "memorysetup-gfx-main-allocator-block-size=16777216"
    "memorysetup-gfx-thread-allocator-block-size=16777216"
    "memorysetup-cache-allocator-block-size=4194304"
    "memorysetup-typetree-allocator-block-size=2097152"
    "memorysetup-profiler-bucket-allocator-granularity=16"
    "memorysetup-profiler-bucket-allocator-bucket-count=8"
    "memorysetup-profiler-bucket-allocator-block-size=33554432"
    "memorysetup-profiler-bucket-allocator-block-count=8"
    "memorysetup-profiler-allocator-block-size=16777216"
    "memorysetup-profiler-editor-allocator-block-size=1048576"
    "memorysetup-temp-allocator-size-main=16777216"
    "memorysetup-job-temp-allocator-block-size=2097152"
    "memorysetup-job-temp-allocator-block-size-background=1048576"
    "memorysetup-job-temp-allocator-reduction-small-platforms=262144"
    "memorysetup-allocator-temp-initial-block-size-main=262144"
    "memorysetup-allocator-temp-initial-block-size-worker=262144"
    "memorysetup-temp-allocator-size-background-worker=32768"
    "memorysetup-temp-allocator-size-job-worker=262144"
    "memorysetup-temp-allocator-size-preload-manager=33554432"
    "memorysetup-temp-allocator-size-nav-mesh-worker=65536"
    "memorysetup-temp-allocator-size-audio-worker=65536"
    "memorysetup-temp-allocator-size-cloud-worker=32768"
    "memorysetup-temp-allocator-size-gi-baking-worker=262144"
    "memorysetup-temp-allocator-size-gfx=262144"
Player connection [21752] Host "[IP] 192.168.1.10 [Port] 0 [Flags] 2 [Guid] 1354155627 [EditorId] 1354155627 [Version] 1048832 [Id] WindowsEditor(7,LAPTOP-ONV9P03E) [Debug] 1 [PackageName] WindowsEditor [ProjectName] Editor" joined multi-casting on [225.0.0.222:54997]...

Player connection [21752] Host "[IP] 192.168.1.10 [Port] 0 [Flags] 2 [Guid] 1354155627 [EditorId] 1354155627 [Version] 1048832 [Id] WindowsEditor(7,LAPTOP-ONV9P03E) [Debug] 1 [PackageName] WindowsEditor [ProjectName] Editor" joined alternative multi-casting on [225.0.0.222:34997]...

[Physics::Module] Initialized MultithreadedJobDispatcher with 11 workers.
Refreshing native plugins compatible for Editor in 51.17 ms, found 3 plugins.
Preloading 0 native plugins for Editor in 0.00 ms.
Initialize engine version: 2022.3.14f1 (eff2de9070d8)
[Subsystems] Discovering subsystems at path C:/Program Files/Unity/Hub/Editor/2022.3.14f1/Editor/Data/Resources/UnitySubsystems
[Subsystems] Discovering subsystems at path C:/Users/Lenovo/OneDrive/Desktop/GITHUB/Proje-7/Yedinci roje/Assets
GfxDevice: creating device client; threaded=0; jobified=0
Direct3D:
    Version:  Direct3D 11.0 [level 11.1]
    Renderer: AMD Radeon(TM) Graphics (ID=0x164c)
    Vendor:   ATI
    VRAM:     3002 MB
    Driver:   31.0.12044.56000
Initialize mono
Mono path[0] = 'C:/Program Files/Unity/Hub/Editor/2022.3.14f1/Editor/Data/Managed'
Mono path[1] = 'C:/Program Files/Unity/Hub/Editor/2022.3.14f1/Editor/Data/MonoBleedingEdge/lib/mono/unityjit-win32'
Mono config path = 'C:/Program Files/Unity/Hub/Editor/2022.3.14f1/Editor/Data/MonoBleedingEdge/etc'
Using monoOptions --debugger-agent=transport=dt_socket,embedding=1,server=y,suspend=n,address=127.0.0.1:56260
Begin MonoManager ReloadAssembly
Registering precompiled unity dll's ...
Register platform support module: C:/Program Files/Unity/Hub/Editor/2022.3.14f1/Editor/Data/PlaybackEngines/WebGLSupport/UnityEditor.WebGL.Extensions.dll
Register platform support module: C:/Program Files/Unity/Hub/Editor/2022.3.14f1/Editor/Data/PlaybackEngines/AndroidPlayer/UnityEditor.Android.Extensions.dll
Register platform support module: C:/Program Files/Unity/Hub/Editor/2022.3.14f1/Editor/Data/PlaybackEngines/WindowsStandaloneSupport/UnityEditor.WindowsStandalone.Extensions.dll
Registered in 0.026834 seconds.
- Loaded All Assemblies, in  0.906 seconds
Native extension for WindowsStandalone target not found
Native extension for Android target not found
Android Extension - Scanning For ADB Devices 1002 ms
Native extension for WebGL target not found
Mono: successfully reloaded assembly
- Finished resetting the current domain, in  1.384 seconds
Domain Reload Profiling: 2288ms
	BeginReloadAssembly (548ms)
		ExecutionOrderSort (0ms)
		DisableScriptedObjects (0ms)
		BackupInstance (0ms)
		ReleaseScriptingObjects (0ms)
		CreateAndSetChildDomain (1ms)
	RebuildCommonClasses (43ms)
	RebuildNativeTypeToScriptingClass (11ms)
	initialDomainReloadingComplete (96ms)
	LoadAllAssembliesAndSetupDomain (205ms)
		LoadAssemblies (545ms)
		RebuildTransferFunctionScriptingTraits (0ms)
		AnalyzeDomain (202ms)
			TypeCache.Refresh (199ms)
				TypeCache.ScanAssembly (172ms)
			ScanForSourceGeneratedMonoScriptInfo (0ms)
			ResolveRequiredComponents (2ms)
	FinalizeReload (1385ms)
		ReleaseScriptCaches (0ms)
		RebuildScriptCaches (0ms)
		SetupLoadedEditorAssemblies (1321ms)
			LogAssemblyErrors (0ms)
			InitializePlatformSupportModulesInManaged (1146ms)
			SetLoadedEditorAssemblies (6ms)
			RefreshPlugins (0ms)
			BeforeProcessingInitializeOnLoad (2ms)
			ProcessInitializeOnLoadAttributes (118ms)
			ProcessInitializeOnLoadMethodAttributes (49ms)
			AfterProcessingInitializeOnLoad (0ms)
			EditorAssembliesLoaded (0ms)
		ExecutionOrderSort2 (0ms)
		AwakeInstancesAfterBackupRestoration (0ms)
========================================================================
Worker process is ready to serve import requests
Begin MonoManager ReloadAssembly
- Loaded All Assemblies, in  1.052 seconds
Refreshing native plugins compatible for Editor in 7.13 ms, found 3 plugins.
Native extension for WindowsStandalone target not found
Native extension for Android target not found
Native extension for WebGL target not found
Package Manager log level set to [2]
[Package Manager] Server::EnsureServerProcessIsRunning -- launch failed, reason: Unity was launched with the -noUpm command-line argument
[Package Manager] UpmClient::Send -- Unable to send message (not connected to UPM process).
[Package Manager] Cannot connect to Unity Package Manager local server
Mono: successfully reloaded assembly
- Finished resetting the current domain, in  0.652 seconds
Domain Reload Profiling: 1691ms
	BeginReloadAssembly (160ms)
		ExecutionOrderSort (0ms)
		DisableScriptedObjects (5ms)
		BackupInstance (0ms)
		ReleaseScriptingObjects (0ms)
		CreateAndSetChildDomain (26ms)
	RebuildCommonClasses (33ms)
	RebuildNativeTypeToScriptingClass (11ms)
	initialDomainReloadingComplete (44ms)
	LoadAllAssembliesAndSetupDomain (791ms)
		LoadAssemblies (623ms)
		RebuildTransferFunctionScriptingTraits (0ms)
		AnalyzeDomain (254ms)
			TypeCache.Refresh (222ms)
				TypeCache.ScanAssembly (202ms)
			ScanForSourceGeneratedMonoScriptInfo (16ms)
			ResolveRequiredComponents (14ms)
	FinalizeReload (653ms)
		ReleaseScriptCaches (0ms)
		RebuildScriptCaches (0ms)
		SetupLoadedEditorAssemblies (484ms)
			LogAssemblyErrors (0ms)
			InitializePlatformSupportModulesInManaged (36ms)
			SetLoadedEditorAssemblies (5ms)
			RefreshPlugins (0ms)
			BeforeProcessingInitializeOnLoad (67ms)
			ProcessInitializeOnLoadAttributes (342ms)
			ProcessInitializeOnLoadMethodAttributes (27ms)
			AfterProcessingInitializeOnLoad (8ms)
			EditorAssembliesLoaded (0ms)
		ExecutionOrderSort2 (0ms)
		AwakeInstancesAfterBackupRestoration (7ms)
Launched and connected shader compiler UnityShaderCompiler.exe after 0.10 seconds
Refreshing native plugins compatible for Editor in 4.40 ms, found 3 plugins.
Preloading 0 native plugins for Editor in 0.00 ms.
Unloading 3083 Unused Serialized files (Serialized files now loaded: 0)
Unloading 32 unused Assets / (56.9 KB). Loaded Objects now: 3547.
Memory consumption went from 127.2 MB to 127.1 MB.
Total: 4.024800 ms (FindLiveObjects: 0.435000 ms CreateObjectMapping: 0.186000 ms MarkObjects: 3.160200 ms  DeleteObjects: 0.241400 ms)

AssetImportParameters requested are different than current active one (requested -> active):
  custom:container-demuxer-ogg: 62fdf1f143b41e24485cea50d1cbac27 -> 
  custom:video-codec-MediaFoundation-h265: 746d11721c4dcdbdad8f713fa42b33f4 -> 
  custom:video-decoder-ogg-theora: a1e56fd34408186e4bbccfd4996cb3dc -> 
  custom:framework-win-MediaFoundation: 216162199b28c13a410421893ffa2e32 -> 
  custom:CustomObjectIndexerAttribute: 756ad292c208cfabdd7b50bc23989ffe -> 
  custom:container-demuxer-webm: 4f35f7cbe854078d1ac9338744f61a02 -> 
  custom:container-muxer-webm: aa71ff27fc2769a1b78a27578f13a17b -> 
  custom:video-decoder-webm-vp8: 9c59270c3fd7afecdb556c50c9e8de78 -> 
  custom:SearchIndexIgnoredProperties: e643bd26f0fe6173181afceb89e7c659 -> 
  custom:AudioImporter_EditorPlatform: d09bf68614088b80899f8185d706f6e7 -> 
  custom:video-encoder-webm-vp8: eb34c28f22e8b96e1ab97ce403110664 -> 
  custom:audio-decoder-ogg-vorbis: bf7c407c2cedff20999df2af8eb42d56 -> 
  custom:audio-encoder-webm-vorbis: bf7c407c2cedff20999df2af8eb42d56 -> 
========================================================================
Received Import Request.
  Time since last request: 1151480.964071 seconds.
  path: Assets/Animations
  artifactKey: Guid(402d8ef92dd4b8a449995fdc7d2327b2) Importer(815301076,1909f56bfc062723c751e8b465ee728b)
Start importing Assets/Animations using Guid(402d8ef92dd4b8a449995fdc7d2327b2) Importer(815301076,1909f56bfc062723c751e8b465ee728b)  -> (artifact id: 'ffad4def80bd237bfd9c8901f2d72e86') in 0.003715 seconds
Number of updated asset objects reloaded before import = 0
Number of asset objects unloaded after import = 0
========================================================================
Received Import Request.
  Time since last request: 26.184960 seconds.
  path: Assets/Anime
  artifactKey: Guid(402d8ef92dd4b8a449995fdc7d2327b2) Importer(815301076,1909f56bfc062723c751e8b465ee728b)
Start importing Assets/Anime using Guid(402d8ef92dd4b8a449995fdc7d2327b2) Importer(815301076,1909f56bfc062723c751e8b465ee728b)  -> (artifact id: 'f7145943ccdb259324c84944d995ac0c') in 0.000694 seconds
Number of updated asset objects reloaded before import = 0
Number of asset objects unloaded after import = 0
========================================================================
Received Import Request.
  Time since last request: 25.018618 seconds.
  path: Assets/Anime/Durma.fbx
  artifactKey: Guid(ed680f2b24ffddc47b8dd38648761a63) Importer(815301076,1909f56bfc062723c751e8b465ee728b)
Start importing Assets/Anime/Durma.fbx using Guid(ed680f2b24ffddc47b8dd38648761a63) Importer(815301076,1909f56bfc062723c751e8b465ee728b)  -> (artifact id: 'c3b84aff388a797628e9b7477a7cdc40') in 0.635695 seconds
Number of updated asset objects reloaded before import = 0
Number of asset objects unloaded after import = 140
========================================================================
Received Import Request.
  Time since last request: 78.622285 seconds.
  path: Assets/Anime/Materials
  artifactKey: Guid(74bacd64f28ddc04dad889fa81bcc805) Importer(815301076,1909f56bfc062723c751e8b465ee728b)
Start importing Assets/Anime/Materials using Guid(74bacd64f28ddc04dad889fa81bcc805) Importer(815301076,1909f56bfc062723c751e8b465ee728b)  -> (artifact id: 'cd529ef0a99952b567123ddf890123fc') in 0.000691 seconds
Number of updated asset objects reloaded before import = 0
Number of asset objects unloaded after import = 0
========================================================================
Received Import Request.
  Time since last request: 64.789018 seconds.
  path: Assets/Anime/Durma.fbx
  artifactKey: Guid(ed680f2b24ffddc47b8dd38648761a63) Importer(815301076,1909f56bfc062723c751e8b465ee728b)
Start importing Assets/Anime/Durma.fbx using Guid(ed680f2b24ffddc47b8dd38648761a63) Importer(815301076,1909f56bfc062723c751e8b465ee728b)  -> (artifact id: '361a7e9d1511e88791fb3b17236316a4') in 0.255339 seconds
Number of updated asset objects reloaded before import = 0
Number of asset objects unloaded after import = 142
========================================================================
Received Import Request.
  Time since last request: 38.400892 seconds.
  path: Assets/Anime/Anim
  artifactKey: Guid(333b344bef12ddd439bf32bc1963f6e4) Importer(815301076,1909f56bfc062723c751e8b465ee728b)
Start importing Assets/Anime/Anim using Guid(333b344bef12ddd439bf32bc1963f6e4) Importer(815301076,1909f56bfc062723c751e8b465ee728b)  -> (artifact id: 'a25a3446de8af7506988d1fcaa075a83') in 0.001149 seconds
Number of updated asset objects reloaded before import = 0
Number of asset objects unloaded after import = 0
========================================================================
Received Import Request.
  Time since last request: 7.877026 seconds.
  path: Assets/Anime/mixamo.com.anim
  artifactKey: Guid(b41ac0a710921bb4c8d1f32630178a69) Importer(815301076,1909f56bfc062723c751e8b465ee728b)
Start importing Assets/Anime/mixamo.com.anim using Guid(b41ac0a710921bb4c8d1f32630178a69) Importer(815301076,1909f56bfc062723c751e8b465ee728b)  -> (artifact id: '4c99fcf6118cfdf6b395f7d7bee45b05') in 0.004116 seconds
Number of updated asset objects reloaded before import = 0
Number of asset objects unloaded after import = 1
========================================================================
Received Import Request.
  Time since last request: 33.058871 seconds.
  path: Assets/Anime/Durma.anim
  artifactKey: Guid(b41ac0a710921bb4c8d1f32630178a69) Importer(815301076,1909f56bfc062723c751e8b465ee728b)
Start importing Assets/Anime/Durma.anim using Guid(b41ac0a710921bb4c8d1f32630178a69) Importer(815301076,1909f56bfc062723c751e8b465ee728b)  -> (artifact id: '11f12b1c03a997d5d1c772f8c7b023ce') in 0.004260 seconds
Number of updated asset objects reloaded before import = 0
Number of asset objects unloaded after import = 1
========================================================================
Received Import Request.
  Time since last request: 4.070434 seconds.
  path: Assets/Anime/mixamo.com.anim
  artifactKey: Guid(e4de93578a1c23446bf08415104722ee) Importer(815301076,1909f56bfc062723c751e8b465ee728b)
Start importing Assets/Anime/mixamo.com.anim using Guid(e4de93578a1c23446bf08415104722ee) Importer(815301076,1909f56bfc062723c751e8b465ee728b)  -> (artifact id: 'bd75654435951834199517919cff57ad') in 0.007192 seconds
Number of updated asset objects reloaded before import = 0
Number of asset objects unloaded after import = 1
========================================================================
Received Import Request.
  Time since last request: 6.901319 seconds.
  path: Assets/Anime/Koşma.anim
  artifactKey: Guid(e4de93578a1c23446bf08415104722ee) Importer(815301076,1909f56bfc062723c751e8b465ee728b)
Start importing Assets/Anime/Koşma.anim using Guid(e4de93578a1c23446bf08415104722ee) Importer(815301076,1909f56bfc062723c751e8b465ee728b)  -> (artifact id: '37e986eb9c0f30314a51a5e49ab6db58') in 0.007247 seconds
Number of updated asset objects reloaded before import = 0
Number of asset objects unloaded after import = 1
========================================================================
Received Import Request.
  Time since last request: 6.180130 seconds.
  path: Assets/Anime/mixamo.com.anim
  artifactKey: Guid(74041b84ee03c2a499c3b63e7fd8ce73) Importer(815301076,1909f56bfc062723c751e8b465ee728b)
Start importing Assets/Anime/mixamo.com.anim using Guid(74041b84ee03c2a499c3b63e7fd8ce73) Importer(815301076,1909f56bfc062723c751e8b465ee728b)  -> (artifact id: '8bd21b8bc2dbaec39c4812f45703be3c') in 0.004778 seconds
Number of updated asset objects reloaded before import = 0
Number of asset objects unloaded after import = 1
========================================================================
Received Import Request.
  Time since last request: 5.043112 seconds.
  path: Assets/Anime/Yürüme.anim
  artifactKey: Guid(74041b84ee03c2a499c3b63e7fd8ce73) Importer(815301076,1909f56bfc062723c751e8b465ee728b)
Start importing Assets/Anime/Yürüme.anim using Guid(74041b84ee03c2a499c3b63e7fd8ce73) Importer(815301076,1909f56bfc062723c751e8b465ee728b)  -> (artifact id: '679a4ae89d6f5ceeddd3193df72a6fb8') in 0.005160 seconds
Number of updated asset objects reloaded before import = 0
Number of asset objects unloaded after import = 1
========================================================================
Received Import Request.
  Time since last request: 739.155194 seconds.
  path: Assets/Anime/Anim/Yürüyüş.controller
  artifactKey: Guid(8aab9048e3abfb846a0c80c4a483aa8f) Importer(815301076,1909f56bfc062723c751e8b465ee728b)
Start importing Assets/Anime/Anim/Yürüyüş.controller using Guid(8aab9048e3abfb846a0c80c4a483aa8f) Importer(815301076,1909f56bfc062723c751e8b465ee728b)  -> (artifact id: 'fb7943704fc86f15dfed4fdd4d8c2ba3') in 0.019467 seconds
Number of updated asset objects reloaded before import = 0
Number of asset objects unloaded after import = 1
========================================================================
Received Import Request.
  Time since last request: 30002.509056 seconds.
  path: Assets/Tree9
  artifactKey: Guid(b3baeff45bc058540a8ce3193b953cfa) Importer(815301076,1909f56bfc062723c751e8b465ee728b)
Start importing Assets/Tree9 using Guid(b3baeff45bc058540a8ce3193b953cfa) Importer(815301076,1909f56bfc062723c751e8b465ee728b)  -> (artifact id: '47b208e55b1e7f0f3ece770aba93152e') in 0.014653 seconds
Number of updated asset objects reloaded before import = 0
Number of asset objects unloaded after import = 0
========================================================================
Received Import Request.
  Time since last request: 1.142430 seconds.
  path: Assets/Tree9/bark14.mat
  artifactKey: Guid(760ea8238d6219c42b2739f693d4c834) Importer(815301076,1909f56bfc062723c751e8b465ee728b)
Start importing Assets/Tree9/bark14.mat using Guid(760ea8238d6219c42b2739f693d4c834) Importer(815301076,1909f56bfc062723c751e8b465ee728b)  -> (artifact id: 'ba186eea927cde57ef6393ae42a42f9c') in 0.843257 seconds
Number of updated asset objects reloaded before import = 0
Number of asset objects unloaded after import = 3
========================================================================
Received Import Request.
  Time since last request: 0.172929 seconds.
  path: Assets/Tree9/Leafs19_N.png
  artifactKey: Guid(fa41cc63b7bd56f4da64009c1c218880) Importer(815301076,1909f56bfc062723c751e8b465ee728b)
Start importing Assets/Tree9/Leafs19_N.png using Guid(fa41cc63b7bd56f4da64009c1c218880) Importer(815301076,1909f56bfc062723c751e8b465ee728b)  -> (artifact id: 'afc12c3bf486ea274078aff23499c7ff') in 0.545350 seconds
Number of updated asset objects reloaded before import = 0
Number of asset objects unloaded after import = 2
========================================================================
Received Import Request.
  Time since last request: 0.000046 seconds.
  path: Assets/Tree9/Tree9_2.prefab
  artifactKey: Guid(be878d9ea17907f4a8068678a5ce7908) Importer(815301076,1909f56bfc062723c751e8b465ee728b)
Start importing Assets/Tree9/Tree9_2.prefab using Guid(be878d9ea17907f4a8068678a5ce7908) Importer(815301076,1909f56bfc062723c751e8b465ee728b)  -> (artifact id: '0b36ce9e8be7136cfd179fa73ff295b8') in 0.923609 seconds
Number of updated asset objects reloaded before import = 0
Number of asset objects unloaded after import = 28
========================================================================
Received Import Request.
  Time since last request: 0.000076 seconds.
  path: Assets/Tree9/Tree9_5.prefab
  artifactKey: Guid(9b8fc966f95ea9c4194dc091fc40b478) Importer(815301076,1909f56bfc062723c751e8b465ee728b)
Start importing Assets/Tree9/Tree9_5.prefab using Guid(9b8fc966f95ea9c4194dc091fc40b478) Importer(815301076,1909f56bfc062723c751e8b465ee728b)  -> (artifact id: 'cf1ffedc86e5bd33232cebe9a3933b19') in 0.078564 seconds
Number of updated asset objects reloaded before import = 0
Number of asset objects unloaded after import = 28
========================================================================
Received Import Request.
  Time since last request: 4.008809 seconds.
  path: Assets/Tree9/Materials/leaf.mat
  artifactKey: Guid(3b81562ccc7e92543a108e811251a16f) Importer(815301076,1909f56bfc062723c751e8b465ee728b)
Start importing Assets/Tree9/Materials/leaf.mat using Guid(3b81562ccc7e92543a108e811251a16f) Importer(815301076,1909f56bfc062723c751e8b465ee728b)  -> (artifact id: '58828c74a91754f9dd588fed67892f76') in 0.224076 seconds
Number of updated asset objects reloaded before import = 0
Number of asset objects unloaded after import = 3
========================================================================
Received Import Request.
  Time since last request: 3.039163 seconds.
  path: Assets/Tree9/Tree9_1_Textures/normal_specular.png
  artifactKey: Guid(34bf97c9a44d6a24e9aad37f9f1e5e3d) Importer(815301076,1909f56bfc062723c751e8b465ee728b)
Start importing Assets/Tree9/Tree9_1_Textures/normal_specular.png using Guid(34bf97c9a44d6a24e9aad37f9f1e5e3d) Importer(815301076,1909f56bfc062723c751e8b465ee728b)  -> (artifact id: '4713bb5109531ad7f1f7c71916d46f83') in 0.035210 seconds
Number of updated asset objects reloaded before import = 0
Number of asset objects unloaded after import = 2
Editor requested this worker to shutdown with reason: Scaling down because of idle timeout
TcpMessagingSession - receive error
AssetImportWorkerClient::OnTransportError - code=2 error=End of file
AssetImportWorker is now disconnected from the server
Process exiting
Exiting without the bug reporter. Application will terminate with return code 0